{"level":"error","message":"failed to get user info","timestamp":"2017-06-16T09:50:40.376Z"}
{"level":"error","message":"failed to get user info","timestamp":"2017-06-16T09:50:54.171Z"}
{"level":"error","message":"failed to get user info","timestamp":"2017-06-16T09:54:21.439Z"}
{"level":"error","message":"failed to get user info","timestamp":"2017-06-16T09:55:23.061Z"}
{"level":"error","message":"failed to get user info","timestamp":"2017-06-16T09:55:36.637Z"}
{"level":"error","message":"failed to get user info","timestamp":"2017-06-16T09:56:23.099Z"}
{"level":"error","message":"failed to get user info","timestamp":"2017-06-16T09:56:35.266Z"}
{"level":"error","message":"failed to get user info","timestamp":"2017-06-16T09:59:09.827Z"}
{"level":"error","message":"failed to get user info","timestamp":"2017-06-16T09:59:20.813Z"}
{"level":"error","message":"failed to get user info","timestamp":"2017-06-16T10:01:28.427Z"}
{"level":"error","message":"failed to get user info","timestamp":"2017-06-16T10:01:45.950Z"}
{"level":"error","message":"failed to get user info","timestamp":"2017-06-16T10:04:34.190Z"}
{"level":"error","message":"failed to get user info","timestamp":"2017-06-16T10:05:40.300Z"}
{"level":"error","message":"failed to get user info","timestamp":"2017-06-16T10:05:54.355Z"}
{"level":"error","message":"failed to get user info","timestamp":"2017-06-16T10:23:09.578Z"}
{"level":"error","message":"failed to get user info","timestamp":"2017-06-16T10:23:22.508Z"}
{"level":"error","message":"failed to get user info","timestamp":"2017-06-16T10:26:06.083Z"}
{"level":"error","message":"failed to get user info","timestamp":"2017-06-16T10:26:21.552Z"}
{"level":"error","message":"failed to get user info","timestamp":"2017-06-16T10:27:05.862Z"}
{"level":"error","message":"failed to get user info","timestamp":"2017-06-16T10:27:38.419Z"}
{"level":"error","message":"failed to get user info","timestamp":"2017-06-16T10:28:50.823Z"}
{"level":"error","message":"failed to get user info","timestamp":"2017-06-16T10:29:10.320Z"}
{"level":"error","message":"failed to get user info","timestamp":"2017-06-16T10:37:44.457Z"}
{"level":"error","message":"failed to get user info","timestamp":"2017-06-16T10:37:53.687Z"}
{"level":"error","message":"failed to get user info","timestamp":"2017-06-16T10:41:59.311Z"}
{"level":"error","message":"failed to get user info","timestamp":"2017-06-16T10:46:44.403Z"}
{"level":"error","message":"failed to get user info","timestamp":"2017-06-16T10:46:56.805Z"}
{"level":"error","message":"failed to get user info","timestamp":"2017-06-16T10:50:44.156Z"}
{"level":"error","message":"failed to get user info","timestamp":"2017-06-16T10:50:52.457Z"}
{"level":"error","message":"failed to get user info","timestamp":"2017-06-16T10:53:09.666Z"}
{"level":"error","message":"failed to get user info","timestamp":"2017-06-16T10:53:17.931Z"}
{"level":"error","message":"failed to get user info","timestamp":"2017-06-16T10:53:40.327Z"}
{"level":"error","message":"failed to get user info","timestamp":"2017-06-16T10:56:11.073Z"}
{"level":"error","message":"failed to get user info","timestamp":"2017-06-16T10:56:23.275Z"}
{"level":"error","message":"failed to get user info","timestamp":"2017-06-16T10:57:49.338Z"}
{"level":"error","message":"failed to get user info","timestamp":"2017-06-16T10:57:59.174Z"}
{"level":"error","message":"failed to get user info","timestamp":"2017-06-16T10:58:15.949Z"}
{"level":"error","message":"failed to get user info","timestamp":"2017-06-16T10:58:22.577Z"}
{"level":"error","message":"failed to get user info","timestamp":"2017-06-16T11:00:56.463Z"}
{"level":"error","message":"failed to get user info","timestamp":"2017-06-16T11:59:51.173Z"}
{"level":"error","message":"failed to get user info","timestamp":"2017-06-16T11:59:56.105Z"}
{"level":"error","message":"failed to get user info","timestamp":"2017-06-16T12:00:01.597Z"}
{"level":"error","message":"failed to get user info","timestamp":"2017-06-16T12:00:02.339Z"}
{"level":"error","message":"failed to get user info","timestamp":"2017-06-16T12:02:01.427Z"}
{"level":"error","message":"failed to get user info","timestamp":"2017-06-16T12:03:53.180Z"}
{"level":"error","message":"failed to get user info","timestamp":"2017-06-16T12:11:32.646Z"}
{"level":"error","message":"Registration failed ","timestamp":"2017-06-16T12:11:57.665Z"}
{"level":"error","message":"failed to get user info","timestamp":"2017-06-16T12:31:00.658Z"}
{"level":"error","message":"failed to get user info","timestamp":"2017-06-16T12:32:24.545Z"}
{"level":"error","message":"failed to get user info","timestamp":"2017-06-16T12:33:09.446Z"}
{"level":"error","message":"failed to get user info","timestamp":"2017-06-16T12:33:59.114Z"}
{"level":"error","message":"failed to get user info","timestamp":"2017-06-16T12:34:36.897Z"}
{"level":"error","message":"failed to get user info","timestamp":"2017-06-16T12:35:24.299Z"}
{"level":"error","message":"failed to get user info","timestamp":"2017-06-16T12:37:41.250Z"}
{"level":"error","message":"failed to get user info","timestamp":"2017-06-16T12:38:45.854Z"}
{"level":"error","message":"failed to get user info","timestamp":"2017-06-16T12:38:57.803Z"}
{"level":"error","message":"failed to get user info","timestamp":"2017-06-16T12:40:12.517Z"}
{"level":"error","message":"failed to get user info","timestamp":"2017-06-16T12:42:01.830Z"}
{"level":"error","message":"failed to get user info","timestamp":"2017-06-16T12:45:15.815Z"}
{"level":"error","message":"failed to get user info","timestamp":"2017-06-16T12:45:33.205Z"}
{"level":"error","message":"failed to get user info","timestamp":"2017-06-16T12:45:33.353Z"}
{"level":"error","message":"failed to get user info","timestamp":"2017-06-16T12:45:33.533Z"}
{"level":"error","message":"failed to get user info","timestamp":"2017-06-16T12:45:33.694Z"}
{"level":"error","message":"failed to get user info","timestamp":"2017-06-16T12:45:33.883Z"}
{"level":"error","message":"failed to get user info","timestamp":"2017-06-16T12:48:02.089Z"}
{"level":"error","message":"failed to get user info","timestamp":"2017-06-16T12:48:12.075Z"}
{"level":"error","message":"failed to get user info","timestamp":"2017-06-16T12:49:06.311Z"}
{"level":"error","message":"failed to get user info","timestamp":"2017-06-16T12:50:53.698Z"}
{"level":"error","message":"failed to get user info","timestamp":"2017-06-16T12:54:21.074Z"}
{"level":"error","message":"failed to get user info","timestamp":"2017-06-16T12:54:21.663Z"}
{"level":"error","message":"failed to get user info","timestamp":"2017-06-16T13:01:02.019Z"}
{"level":"error","message":"failed to get user info","timestamp":"2017-06-17T04:39:11.831Z"}
{"level":"error","message":"failed to get user info","timestamp":"2017-06-17T04:46:25.298Z"}
{"level":"error","message":"failed to get user info","timestamp":"2017-06-17T04:49:04.061Z"}
{"level":"error","message":"failed to get user info","timestamp":"2017-06-17T04:58:25.397Z"}
{"level":"error","message":"failed to get user info","timestamp":"2017-06-17T05:02:49.504Z"}
{"level":"error","message":"failed to get user info","timestamp":"2017-06-17T05:03:02.522Z"}
{"level":"error","message":"failed to get user info","timestamp":"2017-06-17T05:04:49.476Z"}
{"level":"error","message":"failed to get user info","timestamp":"2017-06-17T05:04:58.281Z"}
{"level":"error","message":"failed to get user info","timestamp":"2017-06-17T05:15:29.544Z"}
{"level":"error","message":"failed to get user info","timestamp":"2017-06-17T05:16:05.260Z"}
{"level":"error","message":"failed to get user info","timestamp":"2017-06-17T05:18:01.337Z"}
{"level":"error","message":"failed to get user info","timestamp":"2017-06-17T05:18:20.212Z"}
{"level":"error","message":"failed to get user info","timestamp":"2017-06-17T05:19:20.156Z"}
{"level":"error","message":"failed to get user info","timestamp":"2017-06-17T05:20:04.702Z"}
{"level":"error","message":"failed to get user info","timestamp":"2017-06-17T05:22:22.958Z"}
{"level":"error","message":"failed to get user info","timestamp":"2017-06-17T05:23:29.148Z"}
{"level":"error","message":"failed to get user info","timestamp":"2017-06-17T05:25:08.751Z"}
{"level":"error","message":"failed to get user info","timestamp":"2017-06-19T13:32:04.589Z"}
{"level":"error","message":"failed to get user info","timestamp":"2017-06-19T13:56:09.597Z"}
{"level":"error","message":"failed to get user info","timestamp":"2017-06-19T13:56:15.226Z"}
{"level":"error","message":"failed to get user info","timestamp":"2017-06-19T13:56:22.569Z"}
{"level":"error","message":"failed to get user info","timestamp":"2017-06-19T13:56:33.901Z"}
{"level":"error","message":"Registration failed ","timestamp":"2017-06-20T07:14:36.864Z"}
{"level":"error","message":"Registration failed ","timestamp":"2017-06-20T07:14:42.053Z"}
{"level":"error","message":"failed to get user info","timestamp":"2017-06-20T09:57:21.810Z"}
{"level":"error","message":"failed to get user info","timestamp":"2017-06-20T09:57:21.816Z"}
{"level":"error","message":"failed to get user info","timestamp":"2017-06-20T09:57:31.927Z"}
{"level":"error","message":"failed to get user info","timestamp":"2017-06-20T09:57:31.928Z"}
{"level":"error","message":"failed to get user info","timestamp":"2017-06-20T09:57:32.708Z"}
{"level":"error","message":"failed to get user info","timestamp":"2017-06-20T09:57:32.709Z"}
{"level":"error","message":"failed to get user info","timestamp":"2017-06-20T10:38:24.147Z"}
{"level":"error","message":"failed to get user info","timestamp":"2017-06-20T10:38:24.150Z"}
{"level":"error","message":"failed to get user info","timestamp":"2017-06-20T10:39:25.562Z"}
{"level":"error","message":"failed to get user info","timestamp":"2017-06-20T10:39:25.563Z"}
{"level":"error","message":"failed to get user info","timestamp":"2017-06-20T10:39:53.016Z"}
{"level":"error","message":"failed to get user info","timestamp":"2017-06-20T10:39:53.023Z"}
{"level":"error","message":"failed to get user info","timestamp":"2017-06-20T10:40:42.069Z"}
{"level":"error","message":"failed to get user info","timestamp":"2017-06-20T10:40:42.070Z"}
{"level":"error","message":"failed to get user info","timestamp":"2017-06-20T10:42:26.284Z"}
{"level":"error","message":"failed to get user info","timestamp":"2017-06-20T10:42:26.292Z"}
{"level":"error","message":"failed to get user info","timestamp":"2017-06-20T10:43:08.022Z"}
{"level":"error","message":"failed to get user info","timestamp":"2017-06-20T10:43:08.024Z"}
{"level":"error","message":"failed to get user info","timestamp":"2017-06-20T10:44:02.377Z"}
{"level":"error","message":"failed to get user info","timestamp":"2017-06-20T10:44:02.387Z"}
{"level":"error","message":"failed to get user info","timestamp":"2017-06-20T10:44:42.627Z"}
{"level":"error","message":"failed to get user info","timestamp":"2017-06-20T10:44:42.633Z"}
{"level":"error","message":"failed to get user info","timestamp":"2017-06-20T10:47:09.919Z"}
{"level":"error","message":"failed to get user info","timestamp":"2017-06-20T10:47:09.926Z"}
{"level":"error","message":"failed to get user info","timestamp":"2017-06-20T10:47:46.809Z"}
{"level":"error","message":"failed to get user info","timestamp":"2017-06-20T10:47:46.818Z"}
{"level":"error","message":"failed to get user info","timestamp":"2017-06-20T10:50:16.484Z"}
{"level":"error","message":"failed to get user info","timestamp":"2017-06-20T10:50:16.487Z"}
{"level":"error","message":"failed to get user info","timestamp":"2017-06-20T10:52:48.096Z"}
{"level":"error","message":"failed to get user info","timestamp":"2017-06-20T10:52:48.103Z"}
{"level":"error","message":"failed to get user info","timestamp":"2017-06-20T10:53:11.680Z"}
{"level":"error","message":"failed to get user info","timestamp":"2017-06-20T10:53:11.689Z"}
{"level":"error","message":"failed to get user info","timestamp":"2017-06-20T10:54:49.687Z"}
{"level":"error","message":"failed to get user info","timestamp":"2017-06-20T10:54:49.699Z"}
{"level":"error","message":"failed to get user info","timestamp":"2017-06-20T10:56:01.469Z"}
{"level":"error","message":"failed to get user info","timestamp":"2017-06-20T10:56:01.474Z"}
{"level":"error","message":"failed to get user info","timestamp":"2017-06-20T12:51:28.716Z"}
{"level":"error","message":"failed to get user info","timestamp":"2017-06-20T12:51:28.719Z"}
{"level":"error","message":"failed to get user info","timestamp":"2017-06-20T12:56:58.828Z"}
{"level":"error","message":"failed to get user info","timestamp":"2017-06-20T12:56:58.829Z"}
{"level":"error","message":"failed to get user info","timestamp":"2017-06-20T13:01:21.056Z"}
{"level":"error","message":"failed to get user info","timestamp":"2017-06-20T13:01:24.609Z"}
{"level":"error","message":"failed to get user info","timestamp":"2017-06-20T13:01:30.003Z"}
{"level":"error","message":"failed to get user info","timestamp":"2017-06-20T13:01:30.537Z"}
{"level":"error","message":"failed to get user info","timestamp":"2017-06-20T13:01:30.952Z"}
{"level":"error","message":"failed to get user info","timestamp":"2017-06-20T13:02:04.813Z"}
{"level":"error","message":"failed to get user info","timestamp":"2017-06-20T13:03:04.754Z"}
{"level":"error","message":"failed to get user info","timestamp":"2017-06-20T13:04:13.541Z"}
{"level":"error","message":"failed to get user info","timestamp":"2017-06-20T13:04:46.336Z"}
{"level":"error","message":"failed to get user info","timestamp":"2017-06-20T13:04:48.099Z"}
{"level":"error","message":"failed to get user info","timestamp":"2017-06-20T13:04:57.748Z"}
{"level":"error","message":"failed to get user info","timestamp":"2017-06-20T13:05:00.925Z"}
{"level":"error","message":"failed to get user info","timestamp":"2017-06-20T13:05:03.523Z"}
{"level":"error","message":"failed to get user info","timestamp":"2017-06-20T13:05:15.996Z"}
{"level":"error","message":"failed to get user info","timestamp":"2017-06-21T05:23:36.329Z"}
{"level":"error","message":"failed to get user info","timestamp":"2017-06-21T05:23:36.333Z"}
{"level":"error","message":"failed to get user info","timestamp":"2017-06-21T05:23:36.915Z"}
{"level":"error","message":"failed to get user info","timestamp":"2017-06-21T05:23:36.916Z"}
{"level":"error","message":"failed to get user info","timestamp":"2017-06-21T05:27:27.052Z"}
{"level":"error","message":"failed to get user info","timestamp":"2017-06-21T05:27:27.059Z"}
{"level":"error","message":"failed to delete reminder","timestamp":"2017-06-21T11:21:45.356Z"}
{"level":"error","message":"failed to get user info","timestamp":"2017-06-21T12:05:13.650Z"}
{"level":"error","message":"failed to get user info","timestamp":"2017-06-21T12:05:13.656Z"}
{"level":"error","message":"failed to get user info","timestamp":"2017-06-21T12:08:52.102Z"}
{"level":"error","message":"failed to get user info","timestamp":"2017-06-21T12:08:52.107Z"}
{"level":"error","message":"failed to get user info","timestamp":"2017-06-21T12:29:30.216Z"}
{"level":"error","message":"failed to get user info","timestamp":"2017-06-21T12:29:30.217Z"}
{"level":"error","message":"failed to get user info","timestamp":"2017-06-21T12:36:20.600Z"}
{"level":"error","message":"failed to get user info","timestamp":"2017-06-21T12:36:20.608Z"}
{"level":"error","message":"failed to get user info","timestamp":"2017-06-21T12:55:52.282Z"}
{"level":"error","message":"failed to get user info","timestamp":"2017-06-21T12:55:52.289Z"}
{"level":"error","message":"failed to delete reminder","timestamp":"2017-06-22T11:06:04.677Z"}
{"level":"error","message":"failed to delete reminder","timestamp":"2017-06-22T11:06:06.005Z"}
{"level":"error","message":"failed to delete reminder","timestamp":"2017-06-22T11:23:40.864Z"}
{"level":"error","message":"failed to delete reminder","timestamp":"2017-06-22T11:32:13.809Z"}
{"level":"error","message":"failed to delete reminder","timestamp":"2017-06-22T11:53:42.130Z"}
{"level":"error","message":"failed to delete reminder","timestamp":"2017-06-22T11:53:43.194Z"}
{"level":"error","message":"failed to delete reminder","timestamp":"2017-06-22T12:27:54.254Z"}
{"level":"error","message":"failed to delete reminder","timestamp":"2017-06-22T13:24:44.707Z"}
{"level":"error","message":"failed to delete reminder","timestamp":"2017-06-24T13:06:52.596Z"}
{"level":"error","message":"failed to delete reminder","timestamp":"2017-06-25T08:29:06.003Z"}
{"level":"error","message":"failed to delete reminder","timestamp":"2017-06-25T10:08:32.875Z"}
{"level":"error","message":"failed to delete reminder","timestamp":"2017-06-25T10:10:39.058Z"}
{"level":"error","message":"failed to delete data card","timestamp":"2017-06-25T10:16:55.591Z"}
{"level":"error","message":"failed to delete data card","timestamp":"2017-06-25T10:17:01.915Z"}
{"level":"error","message":"failed to delete data card","timestamp":"2017-06-25T10:17:04.324Z"}
{"level":"error","message":"failed to delete reminder","timestamp":"2017-06-27T08:05:47.629Z"}
{"level":"error","message":"failed to delete reminder","timestamp":"2017-06-28T07:10:44.436Z"}
{"level":"error","message":"failed to delete reminder","timestamp":"2017-06-28T12:42:17.030Z"}
{"level":"error","message":"failed to delete reminder","timestamp":"2017-06-28T13:17:51.897Z"}
{"level":"error","message":"Login failed","timestamp":"2017-06-30T03:47:02.125Z"}
{"level":"error","message":"Login failed","timestamp":"2017-06-30T03:47:03.217Z"}
{"level":"error","message":"Login failed","timestamp":"2017-07-01T04:08:46.932Z"}
{"level":"error","message":"failed to delete reminder","timestamp":"2017-07-01T11:22:50.289Z"}
{"level":"error","message":"failed to delete reminder","timestamp":"2017-07-01T11:22:51.928Z"}
{"level":"error","message":"Login failed","timestamp":"2017-07-06T10:43:32.551Z"}
